<?xml version="1.0" encoding="UTF-8"?>
<testsuite name="PropertiesConfig Tests" tests="12" skipped="0" failures="0" errors="0" timestamp="2025-05-24T15:45:38.649Z" hostname="Mac.lan" time="7.571">
  <properties/>
  <testcase name="Should be annotated with @EnableConfigurationProperties and enable OskProperties" classname="com.exabyting.springosk.properties.PropertiesConfigTest" time="0.001"/>
  <testcase name="Should be annotated with @Configuration" classname="com.exabyting.springosk.properties.PropertiesConfigTest" time="0.001"/>
  <testcase name="Should have default constructor" classname="com.exabyting.springosk.properties.PropertiesConfigTest" time="0.0"/>
  <testcase name="Should be in correct package" classname="com.exabyting.springosk.properties.PropertiesConfigTest" time="0.001"/>
  <testcase name="Should be instantiable" classname="com.exabyting.springosk.properties.PropertiesConfigTest" time="0.001"/>
  <testcase name="Should be a configuration class" classname="com.exabyting.springosk.properties.PropertiesConfigTest" time="0.0"/>
  <testcase name="Should be annotated with @EnableConfigurationProperties and enable OskProperties" classname="com.exabyting.springosk.properties.PropertiesConfigTest" time="0.0"/>
  <testcase name="Should be annotated with @Configuration" classname="com.exabyting.springosk.properties.PropertiesConfigTest" time="0.002"/>
  <testcase name="Should have default constructor" classname="com.exabyting.springosk.properties.PropertiesConfigTest" time="0.001"/>
  <testcase name="Should be in correct package" classname="com.exabyting.springosk.properties.PropertiesConfigTest" time="0.0"/>
  <testcase name="Should be instantiable" classname="com.exabyting.springosk.properties.PropertiesConfigTest" time="0.0"/>
  <testcase name="Should be a configuration class" classname="com.exabyting.springosk.properties.PropertiesConfigTest" time="0.001"/>
  <system-out><![CDATA[]]></system-out>
  <system-err><![CDATA[]]></system-err>
</testsuite>
