<?xml version="1.0" encoding="UTF-8"?>
<testsuite name="com.exabyting.springosk.config.MinioConfigTest" tests="1" skipped="0" failures="0" errors="0" timestamp="2025-05-24T15:45:40.521Z" hostname="Mac.lan" time="0.005">
  <properties/>
  <testcase name="minioClientBeanShouldBeCreated()" classname="com.exabyting.springosk.config.MinioConfigTest" time="0.005"/>
  <system-out><![CDATA[
  .   ____          _            __ _ _
 /\\ / ___'_ __ _ _(_)_ __  __ _ \ \ \ \
( ( )\___ | '_ | '_| | '_ \/ _` | \ \ \ \
 \\/  ___)| |_)| | | | | || (_| |  ) ) ) )
  '  |____| .__|_| |_|_| |_\__, | / / / /
 =========|_|==============|___/=/_/_/_/

 :: Spring Boot ::                (v3.5.0)

2025-05-24T21:45:40.074+06:00  INFO 39530 --- [    Test worker] c.e.springosk.config.MinioConfigTest     : Starting MinioConfigTest using Java 21.0.5 with PID 39530 (started by sadmansakib in /Users/sadmansakib/workspace/exabyting/spring-object-storage-kit)
2025-05-24T21:45:40.075+06:00  INFO 39530 --- [    Test worker] c.e.springosk.config.MinioConfigTest     : No active profile set, falling back to 1 default profile: "default"
2025-05-24T21:45:40.242+06:00  INFO 39530 --- [    Test worker] c.e.springosk.config.MinioConfig         : Initializing MinioClient with endpoint: http://localhost:9000
2025-05-24T21:45:40.503+06:00  INFO 39530 --- [    Test worker] c.e.springosk.config.MinioConfig         : MinioClient successfully initialized for endpoint: http://localhost:9000
2025-05-24T21:45:40.516+06:00  INFO 39530 --- [    Test worker] c.e.springosk.config.MinioConfigTest     : Started MinioConfigTest in 0.697 seconds (process running for 2.487)
]]></system-out>
  <system-err><![CDATA[]]></system-err>
</testsuite>
