<?xml version="1.0" encoding="UTF-8"?>
<testsuite name="ValidEnumValidator Tests" tests="14" skipped="0" failures="0" errors="0" timestamp="2025-05-24T15:45:38.991Z" hostname="Mac.lan" time="7.496">
  <properties/>
  <testcase name="Should return true for another valid enum value" classname="com.exabyting.springosk.validator.ValidEnumValidatorTest" time="0.619"/>
  <testcase name="Should handle whitespace values" classname="com.exabyting.springosk.validator.ValidEnumValidatorTest" time="0.001"/>
  <testcase name="Should return true for null value" classname="com.exabyting.springosk.validator.ValidEnumValidatorTest" time="0.0"/>
  <testcase name="Should return true for valid enum value" classname="com.exabyting.springosk.validator.ValidEnumValidatorTest" time="0.0"/>
  <testcase name="Should return false for invalid enum value" classname="com.exabyting.springosk.validator.ValidEnumValidatorTest" time="0.001"/>
  <testcase name="Should return false for empty string" classname="com.exabyting.springosk.validator.ValidEnumValidatorTest" time="0.001"/>
  <testcase name="Should be case sensitive" classname="com.exabyting.springosk.validator.ValidEnumValidatorTest" time="0.0"/>
  <testcase name="Should return true for another valid enum value" classname="com.exabyting.springosk.validator.ValidEnumValidatorTest" time="0.0"/>
  <testcase name="Should handle whitespace values" classname="com.exabyting.springosk.validator.ValidEnumValidatorTest" time="0.0"/>
  <testcase name="Should return true for null value" classname="com.exabyting.springosk.validator.ValidEnumValidatorTest" time="0.001"/>
  <testcase name="Should return true for valid enum value" classname="com.exabyting.springosk.validator.ValidEnumValidatorTest" time="0.0"/>
  <testcase name="Should return false for invalid enum value" classname="com.exabyting.springosk.validator.ValidEnumValidatorTest" time="0.001"/>
  <testcase name="Should return false for empty string" classname="com.exabyting.springosk.validator.ValidEnumValidatorTest" time="0.0"/>
  <testcase name="Should be case sensitive" classname="com.exabyting.springosk.validator.ValidEnumValidatorTest" time="0.0"/>
  <system-out><![CDATA[]]></system-out>
  <system-err><![CDATA[Mockito is currently self-attaching to enable the inline-mock-maker. This will no longer work in future releases of the JDK. Please add Mockito as an agent to your build as described in Mockito's documentation: https://javadoc.io/doc/org.mockito/mockito-core/latest/org.mockito/org/mockito/Mockito.html#0.3
WARNING: A Java agent has been loaded dynamically (/Users/sadmansakib/.gradle/caches/modules-2/files-2.1/net.bytebuddy/byte-buddy-agent/1.15.11/a38b16385e867f59a641330f0362ebe742788ed8/byte-buddy-agent-1.15.11.jar)
WARNING: If a serviceability tool is in use, please run with -XX:+EnableDynamicAgentLoading to hide this warning
WARNING: If a serviceability tool is not in use, please run with -Djdk.instrument.traceUsage for more information
WARNING: Dynamic loading of agents will be disallowed by default in a future release
]]></system-err>
</testsuite>
